<?xml version="1.0" encoding="UTF-8"?>
<!-- Generated by org.testng.reporters.JUnitReportReporter -->
<testsuite skipped="0" hostname="DESKTOP-ILMNV9M" name="Back.AddMovieTest" tests="2" failures="0" timestamp="12 十二月 2017 00:24:20 GMT" time="32.033" errors="0">
  <testcase name="testLogin" time="12.726" classname="Back.AddMovieTest"/>
  <testcase name="addMovie" time="19.307" classname="Back.AddMovieTest"/>
</testsuite> <!-- Back.AddMovieTest -->
