<?xml version="1.0" encoding="UTF-8"?>
<!-- Generated by org.testng.reporters.JUnitReportReporter -->
<testsuite hostname="DESKTOP-ILMNV9M" name="Front.Flogin" tests="1" failures="0" timestamp="17 Nov 2017 02:23:14 GMT" time="17.744" errors="0">
  <testcase name="TestfLogin" time="17.744" classname="Front.Flogin"/>
</testsuite> <!-- Front.Flogin -->
