<?xml version="1.0" encoding="UTF-8"?>
<!-- Generated by org.testng.reporters.JUnitReportReporter -->
<testsuite hostname="DESKTOP-ILMNV9M" name="Back.AddMovieTest" tests="2" failures="0" timestamp="2 Nov 2017 09:10:48 GMT" time="29.931" errors="0">
  <testcase name="addMovie" time="19.189" classname="Back.AddMovieTest"/>
  <testcase name="testLogin" time="10.742" classname="Back.AddMovieTest"/>
</testsuite> <!-- Back.AddMovieTest -->
