<?xml version="1.0" encoding="UTF-8"?>
<!-- Generated by org.testng.reporters.JUnitReportReporter -->
<testsuite skipped="0" hostname="DESKTOP-ILMNV9M" name="back.blogin" tests="1" failures="0" timestamp="01 十一月 2017 02:05:30 GMT" time="14.482" errors="0">
  <testcase name="TestbLogin" time="14.482" classname="back.blogin"/>
</testsuite> <!-- back.blogin -->
